<?xml version="1.0" encoding="UTF-8"?>
<testng-results skipped="0" failed="0" ignored="0" total="4" passed="4">
  <reporter-output>
    <line>
      <![CDATA[Two Distant Strangers (2020) (Short)]]>
    </line>
    <line>
      <![CDATA[Nine Perfect Strangers (2021) (TV Mini-Series)]]>
    </line>
    <line>
      <![CDATA[The Mighty Ducks: Game Changers (2021) (TV Series)]]>
    </line>
    <line>
      <![CDATA[Power Rangers (2017)]]>
    </line>
    <line>
      <![CDATA[Marvel (II) (Production Manager, L'Age d'Or (1930))]]>
    </line>
    <line>
      <![CDATA[Marilyn Stefano (Additional Crew, Two Bits (1995))
nickname "Marvel"]]>
    </line>
    <line>
      <![CDATA[Srimanthudu (2015)]]>
    </line>
    <line>
      <![CDATA[Srimanthudu (1971)]]>
    </line>
  </reporter-output>
  <suite name="Automation Testing" duration-ms="77889" started-at="2021-05-04T05:36:24Z" finished-at="2021-05-04T05:37:42Z">
    <groups>
    </groups>
    <test name="Functional testing" duration-ms="77889" started-at="2021-05-04T05:36:24Z" finished-at="2021-05-04T05:37:42Z">
      <class name="com.qa.testcases.Tc_Imdb">
        <test-method status="PASS" signature="SetUp(java.lang.String, java.lang.String)[pri:0, instance:com.qa.testcases.Tc_Imdb@1f554b06]" name="SetUp" is-config="true" duration-ms="13759" started-at="2021-05-04T05:36:24Z" finished-at="2021-05-04T05:36:38Z">
          <params>
            <param index="0">
              <value>
                <![CDATA[Chrome]]>
              </value>
            </param>
            <param index="1">
              <value>
                <![CDATA[https://www.imdb.com/]]>
              </value>
            </param>
          </params>
          <reporter-output>
          </reporter-output>
        </test-method> <!-- SetUp -->
        <test-method status="PASS" signature="imdb(java.lang.String)[pri:0, instance:com.qa.testcases.Tc_Imdb@1f554b06]" name="imdb" duration-ms="13826" started-at="2021-05-04T05:36:40Z" data-provider="getData" finished-at="2021-05-04T05:36:54Z">
          <params>
            <param index="0">
              <value>
                <![CDATA[Avangers]]>
              </value>
            </param>
          </params>
          <reporter-output>
            <line>
              <![CDATA[Two Distant Strangers (2020) (Short)]]>
            </line>
            <line>
              <![CDATA[Nine Perfect Strangers (2021) (TV Mini-Series)]]>
            </line>
            <line>
              <![CDATA[The Mighty Ducks: Game Changers (2021) (TV Series)]]>
            </line>
            <line>
              <![CDATA[Power Rangers (2017)]]>
            </line>
          </reporter-output>
        </test-method> <!-- imdb -->
        <test-method status="PASS" signature="imdb(java.lang.String)[pri:0, instance:com.qa.testcases.Tc_Imdb@1f554b06]" name="imdb" duration-ms="9133" started-at="2021-05-04T05:36:54Z" data-provider="getData" finished-at="2021-05-04T05:37:03Z">
          <params>
            <param index="0">
              <value>
                <![CDATA[Marvel]]>
              </value>
            </param>
          </params>
          <reporter-output>
            <line>
              <![CDATA[Marvel (II) (Production Manager, L'Age d'Or (1930))]]>
            </line>
            <line>
              <![CDATA[Marilyn Stefano (Additional Crew, Two Bits (1995))
nickname "Marvel"]]>
            </line>
          </reporter-output>
        </test-method> <!-- imdb -->
        <test-method status="PASS" signature="imdb(java.lang.String)[pri:0, instance:com.qa.testcases.Tc_Imdb@1f554b06]" name="imdb" duration-ms="8488" started-at="2021-05-04T05:37:03Z" data-provider="getData" finished-at="2021-05-04T05:37:11Z">
          <params>
            <param index="0">
              <value>
                <![CDATA[Sremanthudu]]>
              </value>
            </param>
          </params>
          <reporter-output>
            <line>
              <![CDATA[Srimanthudu (2015)]]>
            </line>
            <line>
              <![CDATA[Srimanthudu (1971)]]>
            </line>
          </reporter-output>
        </test-method> <!-- imdb -->
        <test-method status="PASS" signature="terminate()[pri:0, instance:com.qa.testcases.Tc_Imdb@1f554b06]" name="terminate" is-config="true" duration-ms="4214" started-at="2021-05-04T05:37:11Z" finished-at="2021-05-04T05:37:16Z">
          <reporter-output>
          </reporter-output>
        </test-method> <!-- terminate -->
      </class> <!-- com.qa.testcases.Tc_Imdb -->
      <class name="com.qa.testcases.Tc_ImdbSign">
        <test-method status="PASS" signature="SetUp(java.lang.String, java.lang.String)[pri:0, instance:com.qa.testcases.Tc_ImdbSign@694e1548]" name="SetUp" is-config="true" duration-ms="11104" started-at="2021-05-04T05:37:16Z" finished-at="2021-05-04T05:37:27Z">
          <params>
            <param index="0">
              <value>
                <![CDATA[Chrome]]>
              </value>
            </param>
            <param index="1">
              <value>
                <![CDATA[https://www.imdb.com/]]>
              </value>
            </param>
          </params>
          <reporter-output>
          </reporter-output>
        </test-method> <!-- SetUp -->
        <test-method status="PASS" signature="Sign(java.lang.String, java.lang.String, java.lang.String, java.lang.String)[pri:0, instance:com.qa.testcases.Tc_ImdbSign@694e1548]" name="Sign" duration-ms="10375" started-at="2021-05-04T05:37:27Z" data-provider="data" finished-at="2021-05-04T05:37:38Z">
          <params>
            <param index="0">
              <value>
                <![CDATA[vikas]]>
              </value>
            </param>
            <param index="1">
              <value>
                <![CDATA[test@test.com]]>
              </value>
            </param>
            <param index="2">
              <value>
                <![CDATA[vikas@1234]]>
              </value>
            </param>
            <param index="3">
              <value>
                <![CDATA[vikas@1234]]>
              </value>
            </param>
          </params>
          <reporter-output>
          </reporter-output>
        </test-method> <!-- Sign -->
        <test-method status="PASS" signature="terminate()[pri:0, instance:com.qa.testcases.Tc_ImdbSign@694e1548]" name="terminate" is-config="true" duration-ms="4188" started-at="2021-05-04T05:37:38Z" finished-at="2021-05-04T05:37:42Z">
          <reporter-output>
          </reporter-output>
        </test-method> <!-- terminate -->
      </class> <!-- com.qa.testcases.Tc_ImdbSign -->
    </test> <!-- Functional testing -->
  </suite> <!-- Automation Testing -->
</testng-results>
