<?xml version="1.0" encoding="UTF-8"?>
<testsuite xmlns:xsi="http://www.w3.org/2001/XMLSchema-instance" xsi:noNamespaceSchemaLocation="https://maven.apache.org/surefire/maven-surefire-plugin/xsd/surefire-test-report.xsd" name="TestSuite" time="79.527" tests="4" errors="0" skipped="0" failures="0">
  <properties>
[...]
</properties>
  <testcase name="imdb" classname="com.qa.testcases.Tc_Imdb" time="13.829"/>
  <testcase name="imdb" classname="com.qa.testcases.Tc_Imdb" time="9.139"/>
  <testcase name="imdb" classname="com.qa.testcases.Tc_Imdb" time="8.484"/>
  <testcase name="Sign" classname="com.qa.testcases.Tc_ImdbSign" time="10.372"/>
</testsuite>