<?xml version="1.0" encoding="UTF-8"?>
<testng-results ignored="0" total="4" passed="4" failed="0" skipped="0">
  <reporter-output>
    <line>
      <![CDATA[Two Distant Strangers (2020) (Short)]]>
    </line>
    <line>
      <![CDATA[Nine Perfect Strangers (2021) (TV Mini-Series)]]>
    </line>
    <line>
      <![CDATA[The Mighty Ducks: Game Changers (2021) (TV Series)]]>
    </line>
    <line>
      <![CDATA[Power Rangers (2017)]]>
    </line>
    <line>
      <![CDATA[Marvel (II) (Production Manager, L'Age d'Or (1930))]]>
    </line>
    <line>
      <![CDATA[Marilyn Stefano (Additional Crew, Two Bits (1995))
nickname "Marvel"]]>
    </line>
    <line>
      <![CDATA[Srimanthudu (2015)]]>
    </line>
    <line>
      <![CDATA[Srimanthudu (1971)]]>
    </line>
  </reporter-output>
  <suite started-at="2021-05-04T10:48:50 IST" name="Automation Testing" finished-at="2021-05-04T10:49:59 IST" duration-ms="68566">
    <groups>
    </groups>
    <test started-at="2021-05-04T10:48:50 IST" name="Functional testing" finished-at="2021-05-04T10:49:59 IST" duration-ms="68566">
      <class name="com.qa.testcases.Tc_ImdbSign">
        <test-method is-config="true" signature="SetUp(java.lang.String, java.lang.String)[pri:0, instance:com.qa.testcases.Tc_ImdbSign@2892d68]" started-at="2021-05-04T10:49:34 IST" name="SetUp" finished-at="2021-05-04T10:49:44 IST" duration-ms="10328" status="PASS">
          <params>
            <param index="0">
              <value>
                <![CDATA[Chrome]]>
              </value>
            </param>
            <param index="1">
              <value>
                <![CDATA[https://www.imdb.com/]]>
              </value>
            </param>
          </params>
          <reporter-output>
          </reporter-output>
        </test-method> <!-- SetUp -->
        <test-method signature="Sign(java.lang.String, java.lang.String, java.lang.String, java.lang.String)[pri:0, instance:com.qa.testcases.Tc_ImdbSign@2892d68]" started-at="2021-05-04T10:49:45 IST" name="Sign" data-provider="data" finished-at="2021-05-04T10:49:54 IST" duration-ms="9657" status="PASS">
          <params>
            <param index="0">
              <value>
                <![CDATA[vikas]]>
              </value>
            </param>
            <param index="1">
              <value>
                <![CDATA[test@test.com]]>
              </value>
            </param>
            <param index="2">
              <value>
                <![CDATA[vikas@1234]]>
              </value>
            </param>
            <param index="3">
              <value>
                <![CDATA[vikas@1234]]>
              </value>
            </param>
          </params>
          <reporter-output>
          </reporter-output>
        </test-method> <!-- Sign -->
        <test-method is-config="true" signature="terminate()[pri:0, instance:com.qa.testcases.Tc_ImdbSign@2892d68]" started-at="2021-05-04T10:49:54 IST" name="terminate" finished-at="2021-05-04T10:49:59 IST" duration-ms="4193" status="PASS">
          <reporter-output>
          </reporter-output>
        </test-method> <!-- terminate -->
      </class> <!-- com.qa.testcases.Tc_ImdbSign -->
      <class name="com.qa.testcases.Tc_Imdb">
        <test-method is-config="true" signature="SetUp(java.lang.String, java.lang.String)[pri:0, instance:com.qa.testcases.Tc_Imdb@d86a6f]" started-at="2021-05-04T10:48:50 IST" name="SetUp" finished-at="2021-05-04T10:49:01 IST" duration-ms="11028" status="PASS">
          <params>
            <param index="0">
              <value>
                <![CDATA[Chrome]]>
              </value>
            </param>
            <param index="1">
              <value>
                <![CDATA[https://www.imdb.com/]]>
              </value>
            </param>
          </params>
          <reporter-output>
          </reporter-output>
        </test-method> <!-- SetUp -->
        <test-method signature="imdb(java.lang.String)[pri:0, instance:com.qa.testcases.Tc_Imdb@d86a6f]" started-at="2021-05-04T10:49:03 IST" name="imdb" data-provider="getData" finished-at="2021-05-04T10:49:14 IST" duration-ms="11078" status="PASS">
          <params>
            <param index="0">
              <value>
                <![CDATA[Avangers]]>
              </value>
            </param>
          </params>
          <reporter-output>
            <line>
              <![CDATA[Two Distant Strangers (2020) (Short)]]>
            </line>
            <line>
              <![CDATA[Nine Perfect Strangers (2021) (TV Mini-Series)]]>
            </line>
            <line>
              <![CDATA[The Mighty Ducks: Game Changers (2021) (TV Series)]]>
            </line>
            <line>
              <![CDATA[Power Rangers (2017)]]>
            </line>
          </reporter-output>
        </test-method> <!-- imdb -->
        <test-method signature="imdb(java.lang.String)[pri:0, instance:com.qa.testcases.Tc_Imdb@d86a6f]" started-at="2021-05-04T10:49:14 IST" name="imdb" data-provider="getData" finished-at="2021-05-04T10:49:25 IST" duration-ms="10626" status="PASS">
          <params>
            <param index="0">
              <value>
                <![CDATA[Marvel]]>
              </value>
            </param>
          </params>
          <reporter-output>
            <line>
              <![CDATA[Marvel (II) (Production Manager, L'Age d'Or (1930))]]>
            </line>
            <line>
              <![CDATA[Marilyn Stefano (Additional Crew, Two Bits (1995))
nickname "Marvel"]]>
            </line>
          </reporter-output>
        </test-method> <!-- imdb -->
        <test-method signature="imdb(java.lang.String)[pri:0, instance:com.qa.testcases.Tc_Imdb@d86a6f]" started-at="2021-05-04T10:49:25 IST" name="imdb" data-provider="getData" finished-at="2021-05-04T10:49:34 IST" duration-ms="8947" status="PASS">
          <params>
            <param index="0">
              <value>
                <![CDATA[Sremanthudu]]>
              </value>
            </param>
          </params>
          <reporter-output>
            <line>
              <![CDATA[Srimanthudu (2015)]]>
            </line>
            <line>
              <![CDATA[Srimanthudu (1971)]]>
            </line>
          </reporter-output>
        </test-method> <!-- imdb -->
        <test-method is-config="true" signature="terminate()[pri:0, instance:com.qa.testcases.Tc_Imdb@d86a6f]" started-at="2021-05-04T10:49:34 IST" name="terminate" finished-at="2021-05-04T10:49:34 IST" duration-ms="240" status="PASS">
          <reporter-output>
          </reporter-output>
        </test-method> <!-- terminate -->
      </class> <!-- com.qa.testcases.Tc_Imdb -->
    </test> <!-- Functional testing -->
  </suite> <!-- Automation Testing -->
</testng-results>
