<?xml version="1.0" encoding="UTF-8"?>
<!-- Generated by org.testng.reporters.JUnitXMLReporter -->
<testsuite hostname="DESKTOP-1JD54T5" ignored="0" name="Functional testing" tests="4" failures="0" timestamp="04 May 2021 05:37:42 GMT" time="77.889" errors="0">
  <testcase name="imdb" time="13.826" classname="com.qa.testcases.Tc_Imdb"/>
  <testcase name="imdb" time="9.133" classname="com.qa.testcases.Tc_Imdb"/>
  <testcase name="imdb" time="8.488" classname="com.qa.testcases.Tc_Imdb"/>
  <testcase name="Sign" time="10.375" classname="com.qa.testcases.Tc_ImdbSign"/>
</testsuite> <!-- Functional testing -->
