<?xml version="1.0" encoding="UTF-8"?>
<!-- Generated by org.testng.reporters.JUnitXMLReporter -->
<testsuite ignored="0" hostname="DESKTOP-1JD54T5" failures="0" tests="4" name="Functional testing" time="68.566" errors="0" timestamp="2021-05-04T10:49:59 IST">
  <testcase classname="com.qa.testcases.Tc_Imdb" name="imdb" time="11.078"/>
  <testcase classname="com.qa.testcases.Tc_Imdb" name="imdb" time="10.626"/>
  <testcase classname="com.qa.testcases.Tc_Imdb" name="imdb" time="8.947"/>
  <testcase classname="com.qa.testcases.Tc_ImdbSign" name="Sign" time="9.657"/>
</testsuite> <!-- Functional testing -->
